2024-06-08T09:41:40.967+03:00  INFO 13544 --- [main] c.dmadev.controller.UserControllerTest   : Starting UserControllerTest using Java 17.0.8 with PID 13544 (started by dmaberlin in /home/dmaberlin/java/other/demo/compar-demo/compar-src)
2024-06-08T09:41:40.969+03:00  INFO 13544 --- [main] c.dmadev.controller.UserControllerTest   : No active profile set, falling back to 1 default profile: "default"
2024-06-08T09:41:42.097+03:00  INFO 13544 --- [main] .s.d.r.c.RepositoryConfigurationDelegate : Bootstrapping Spring Data JPA repositories in DEFAULT mode.
2024-06-08T09:41:42.124+03:00  INFO 13544 --- [main] .s.d.r.c.RepositoryConfigurationDelegate : Finished Spring Data repository scanning in 20 ms. Found 0 JPA repository interfaces.
2024-06-08T09:41:42.875+03:00  INFO 13544 --- [main] o.s.b.w.embedded.tomcat.TomcatWebServer  : Tomcat initialized with port 0 (http)
2024-06-08T09:41:42.887+03:00  INFO 13544 --- [main] o.apache.catalina.core.StandardService   : Starting service [Tomcat]
2024-06-08T09:41:42.888+03:00  INFO 13544 --- [main] o.apache.catalina.core.StandardEngine    : Starting Servlet engine: [Apache Tomcat/10.1.19]
2024-06-08T09:41:42.965+03:00  INFO 13544 --- [main] o.a.c.c.C.[Tomcat].[localhost].[/]       : Initializing Spring embedded WebApplicationContext
2024-06-08T09:41:42.967+03:00  INFO 13544 --- [main] w.s.c.ServletWebServerApplicationContext : Root WebApplicationContext: initialization completed in 1971 ms
2024-06-08T09:41:43.327+03:00  INFO 13544 --- [main] com.zaxxer.hikari.HikariDataSource       : HikariPool-1 - Starting...
2024-06-08T09:41:43.494+03:00  INFO 13544 --- [main] com.zaxxer.hikari.pool.HikariPool        : HikariPool-1 - Added connection conn0: url=jdbc:h2:mem:218b13b3-8923-4a7c-af00-c9afc51a6828 user=SA
2024-06-08T09:41:43.496+03:00  INFO 13544 --- [main] com.zaxxer.hikari.HikariDataSource       : HikariPool-1 - Start completed.
2024-06-08T09:41:43.542+03:00  INFO 13544 --- [main] o.hibernate.jpa.internal.util.LogHelper  : HHH000204: Processing PersistenceUnitInfo [name: default]
2024-06-08T09:41:43.611+03:00  INFO 13544 --- [main] org.hibernate.Version                    : HHH000412: Hibernate ORM core version 6.4.4.Final
2024-06-08T09:41:43.646+03:00  INFO 13544 --- [main] o.h.c.internal.RegionFactoryInitiator    : HHH000026: Second-level cache disabled
2024-06-08T09:41:43.850+03:00  INFO 13544 --- [main] o.s.o.j.p.SpringPersistenceUnitInfo      : No LoadTimeWeaver setup: ignoring JPA class transformer
2024-06-08T09:41:44.190+03:00  INFO 13544 --- [main] o.h.e.t.j.p.i.JtaPlatformInitiator       : HHH000489: No JTA platform available (set 'hibernate.transaction.jta.platform' to enable JTA platform integration)
2024-06-08T09:41:44.196+03:00  INFO 13544 --- [main] j.LocalContainerEntityManagerFactoryBean : Initialized JPA EntityManagerFactory for persistence unit 'default'
2024-06-08T09:41:44.263+03:00  INFO 13544 --- [main] com.zaxxer.hikari.HikariDataSource       : HikariPool-2 - Starting...
2024-06-08T09:41:44.266+03:00  INFO 13544 --- [main] com.zaxxer.hikari.pool.HikariPool        : HikariPool-2 - Added connection conn10: url=jdbc:h2:mem:compar user=DEMO
2024-06-08T09:41:44.267+03:00  INFO 13544 --- [main] com.zaxxer.hikari.HikariDataSource       : HikariPool-2 - Start completed.
2024-06-08T09:41:44.309+03:00  INFO 13544 --- [main] o.f.c.internal.license.VersionPrinter    : Flyway Community Edition 9.22.3 by Redgate
2024-06-08T09:41:44.309+03:00  INFO 13544 --- [main] o.f.c.internal.license.VersionPrinter    : See release notes here: https://rd.gt/416ObMi
2024-06-08T09:41:44.309+03:00  INFO 13544 --- [main] o.f.c.internal.license.VersionPrinter    : 
2024-06-08T09:41:44.352+03:00  INFO 13544 --- [main] org.flywaydb.core.FlywayExecutor         : Database: jdbc:h2:mem:compar (H2 2.2)
2024-06-08T09:41:44.379+03:00  INFO 13544 --- [main] o.f.c.i.s.JdbcTableSchemaHistory         : Schema history table "PUBLIC"."flyway_schema_history" does not exist yet
2024-06-08T09:41:44.382+03:00  INFO 13544 --- [main] o.f.core.internal.command.DbValidate     : Successfully validated 2 migrations (execution time 00:00.013s)
2024-06-08T09:41:44.388+03:00  INFO 13544 --- [main] o.f.c.i.s.JdbcTableSchemaHistory         : Creating Schema History table "PUBLIC"."flyway_schema_history" ...
2024-06-08T09:41:44.431+03:00  INFO 13544 --- [main] o.f.core.internal.command.DbMigrate      : Current version of schema "PUBLIC": << Empty Schema >>
2024-06-08T09:41:44.434+03:00  INFO 13544 --- [main] o.f.core.internal.command.DbMigrate      : Migrating schema "PUBLIC" to version "1 - Create"
2024-06-08T09:41:44.451+03:00  INFO 13544 --- [main] o.f.core.internal.command.DbMigrate      : Migrating schema "PUBLIC" to version "2 - Insertion"
2024-06-08T09:41:44.467+03:00  INFO 13544 --- [main] o.f.core.internal.command.DbMigrate      : Successfully applied 2 migrations to schema "PUBLIC", now at version v2 (execution time 00:00.003s)
2024-06-08T09:41:44.469+03:00  INFO 13544 --- [main] com.zaxxer.hikari.HikariDataSource       : HikariPool-3 - Starting...
2024-06-08T09:41:44.473+03:00  INFO 13544 --- [main] com.zaxxer.hikari.pool.HikariPool        : HikariPool-3 - Added connection conn20: url=jdbc:h2:mem:compar2 user=DEMO
2024-06-08T09:41:44.473+03:00  INFO 13544 --- [main] com.zaxxer.hikari.HikariDataSource       : HikariPool-3 - Start completed.
2024-06-08T09:41:44.483+03:00  INFO 13544 --- [main] org.flywaydb.core.FlywayExecutor         : Database: jdbc:h2:mem:compar2 (H2 2.2)
2024-06-08T09:41:44.494+03:00  INFO 13544 --- [main] o.f.c.i.s.JdbcTableSchemaHistory         : Schema history table "PUBLIC"."flyway_schema_history" does not exist yet
2024-06-08T09:41:44.498+03:00  INFO 13544 --- [main] o.f.core.internal.command.DbValidate     : Successfully validated 2 migrations (execution time 00:00.004s)
2024-06-08T09:41:44.500+03:00  INFO 13544 --- [main] o.f.c.i.s.JdbcTableSchemaHistory         : Creating Schema History table "PUBLIC"."flyway_schema_history" ...
2024-06-08T09:41:44.513+03:00  INFO 13544 --- [main] o.f.core.internal.command.DbMigrate      : Current version of schema "PUBLIC": << Empty Schema >>
2024-06-08T09:41:44.519+03:00  INFO 13544 --- [main] o.f.core.internal.command.DbMigrate      : Migrating schema "PUBLIC" to version "1 - Create"
2024-06-08T09:41:44.525+03:00  INFO 13544 --- [main] o.f.core.internal.command.DbMigrate      : Migrating schema "PUBLIC" to version "2 - InsertionOne"
2024-06-08T09:41:44.531+03:00  INFO 13544 --- [main] o.f.core.internal.command.DbMigrate      : Successfully applied 2 migrations to schema "PUBLIC", now at version v2 (execution time 00:00.004s)
2024-06-08T09:41:44.532+03:00  INFO 13544 --- [main] com.zaxxer.hikari.HikariDataSource       : HikariPool-4 - Starting...
2024-06-08T09:41:44.535+03:00  INFO 13544 --- [main] com.zaxxer.hikari.pool.HikariPool        : HikariPool-4 - Added connection conn24: url=jdbc:h2:mem:compar3 user=DEMO
2024-06-08T09:41:44.535+03:00  INFO 13544 --- [main] com.zaxxer.hikari.HikariDataSource       : HikariPool-4 - Start completed.
2024-06-08T09:41:44.540+03:00  INFO 13544 --- [main] org.flywaydb.core.FlywayExecutor         : Database: jdbc:h2:mem:compar3 (H2 2.2)
2024-06-08T09:41:44.544+03:00  INFO 13544 --- [main] o.f.c.i.s.JdbcTableSchemaHistory         : Schema history table "PUBLIC"."flyway_schema_history" does not exist yet
2024-06-08T09:41:44.545+03:00  INFO 13544 --- [main] o.f.core.internal.command.DbValidate     : Successfully validated 2 migrations (execution time 00:00.001s)
2024-06-08T09:41:44.546+03:00  INFO 13544 --- [main] o.f.c.i.s.JdbcTableSchemaHistory         : Creating Schema History table "PUBLIC"."flyway_schema_history" ...
2024-06-08T09:41:44.554+03:00  INFO 13544 --- [main] o.f.core.internal.command.DbMigrate      : Current version of schema "PUBLIC": << Empty Schema >>
2024-06-08T09:41:44.556+03:00  INFO 13544 --- [main] o.f.core.internal.command.DbMigrate      : Migrating schema "PUBLIC" to version "1 - Create"
2024-06-08T09:41:44.562+03:00  INFO 13544 --- [main] o.f.core.internal.command.DbMigrate      : Migrating schema "PUBLIC" to version "2 - Insert"
2024-06-08T09:41:44.566+03:00  INFO 13544 --- [main] o.f.core.internal.command.DbMigrate      : Successfully applied 2 migrations to schema "PUBLIC", now at version v2 (execution time 00:00.002s)
2024-06-08T09:41:44.782+03:00  WARN 13544 --- [main] JpaBaseConfiguration$JpaWebConfiguration : spring.jpa.open-in-view is enabled by default. Therefore, database queries may be performed during view rendering. Explicitly configure spring.jpa.open-in-view to disable this warning
2024-06-08T09:41:45.867+03:00  INFO 13544 --- [main] o.s.b.a.e.web.EndpointLinksResolver      : Exposing 1 endpoint(s) beneath base path '/actuator'
2024-06-08T09:41:45.985+03:00  INFO 13544 --- [main] o.s.b.w.embedded.tomcat.TomcatWebServer  : Tomcat started on port 33215 (http) with context path ''
2024-06-08T09:41:46.006+03:00  INFO 13544 --- [main] c.dmadev.controller.UserControllerTest   : Started UserControllerTest in 5.448 seconds (process running for 6.588)
2024-06-08T09:41:46.715+03:00  INFO 13544 --- [http-nio-auto-1-exec-1] o.a.c.c.C.[Tomcat].[localhost].[/]       : Initializing Spring DispatcherServlet 'dispatcherServlet'
2024-06-08T09:41:46.715+03:00  INFO 13544 --- [http-nio-auto-1-exec-1] o.s.web.servlet.DispatcherServlet        : Initializing Servlet 'dispatcherServlet'
2024-06-08T09:41:46.717+03:00  INFO 13544 --- [http-nio-auto-1-exec-1] o.s.web.servlet.DispatcherServlet        : Completed initialization in 2 ms
2024-06-08T09:41:46.789+03:00  INFO 13544 --- [http-nio-auto-1-exec-1] com.zaxxer.hikari.HikariDataSource       : HikariPool-5 - Starting...
2024-06-08T09:41:46.790+03:00  INFO 13544 --- [http-nio-auto-1-exec-1] com.zaxxer.hikari.pool.HikariPool        : HikariPool-5 - Added connection conn40: url=jdbc:h2:mem:compar user=DEMO
2024-06-08T09:41:46.790+03:00  INFO 13544 --- [http-nio-auto-1-exec-1] com.zaxxer.hikari.HikariDataSource       : HikariPool-5 - Start completed.
2024-06-08T09:41:46.794+03:00  INFO 13544 --- [http-nio-auto-1-exec-1] com.zaxxer.hikari.HikariDataSource       : HikariPool-6 - Starting...
2024-06-08T09:41:46.796+03:00  INFO 13544 --- [http-nio-auto-1-exec-1] com.zaxxer.hikari.pool.HikariPool        : HikariPool-6 - Added connection conn41: url=jdbc:h2:mem:compar2 user=DEMO
2024-06-08T09:41:46.796+03:00  INFO 13544 --- [http-nio-auto-1-exec-1] com.zaxxer.hikari.HikariDataSource       : HikariPool-6 - Start completed.
2024-06-08T09:41:46.797+03:00  INFO 13544 --- [http-nio-auto-1-exec-1] com.zaxxer.hikari.HikariDataSource       : HikariPool-7 - Starting...
2024-06-08T09:41:46.797+03:00  INFO 13544 --- [http-nio-auto-1-exec-1] com.zaxxer.hikari.pool.HikariPool        : HikariPool-7 - Added connection conn42: url=jdbc:h2:mem:compar3 user=DEMO
2024-06-08T09:41:46.798+03:00  INFO 13544 --- [http-nio-auto-1-exec-1] com.zaxxer.hikari.HikariDataSource       : HikariPool-7 - Start completed.
2024-06-08T09:41:46.904+03:00  INFO 13544 --- [http-nio-auto-1-exec-2] com.zaxxer.hikari.HikariDataSource       : HikariPool-8 - Starting...
2024-06-08T09:41:46.906+03:00  INFO 13544 --- [http-nio-auto-1-exec-2] com.zaxxer.hikari.pool.HikariPool        : HikariPool-8 - Added connection conn47: url=jdbc:h2:mem:compar user=DEMO
2024-06-08T09:41:46.906+03:00  INFO 13544 --- [http-nio-auto-1-exec-2] com.zaxxer.hikari.HikariDataSource       : HikariPool-8 - Start completed.
2024-06-08T09:41:46.907+03:00  INFO 13544 --- [http-nio-auto-1-exec-2] com.zaxxer.hikari.HikariDataSource       : HikariPool-9 - Starting...
2024-06-08T09:41:46.908+03:00  INFO 13544 --- [http-nio-auto-1-exec-2] com.zaxxer.hikari.pool.HikariPool        : HikariPool-9 - Added connection conn48: url=jdbc:h2:mem:compar2 user=DEMO
2024-06-08T09:41:46.908+03:00  INFO 13544 --- [http-nio-auto-1-exec-2] com.zaxxer.hikari.HikariDataSource       : HikariPool-9 - Start completed.
2024-06-08T09:41:46.909+03:00  INFO 13544 --- [http-nio-auto-1-exec-2] com.zaxxer.hikari.HikariDataSource       : HikariPool-10 - Starting...
2024-06-08T09:41:46.911+03:00  INFO 13544 --- [http-nio-auto-1-exec-2] com.zaxxer.hikari.pool.HikariPool        : HikariPool-10 - Added connection conn50: url=jdbc:h2:mem:compar3 user=DEMO
2024-06-08T09:41:46.911+03:00  INFO 13544 --- [http-nio-auto-1-exec-2] com.zaxxer.hikari.HikariDataSource       : HikariPool-10 - Start completed.
2024-06-08T09:41:46.951+03:00  INFO 13544 --- [http-nio-auto-1-exec-3] com.zaxxer.hikari.HikariDataSource       : HikariPool-11 - Starting...
2024-06-08T09:41:46.957+03:00  INFO 13544 --- [http-nio-auto-1-exec-3] com.zaxxer.hikari.pool.HikariPool        : HikariPool-11 - Added connection conn62: url=jdbc:h2:mem:compar user=DEMO
2024-06-08T09:41:46.957+03:00  INFO 13544 --- [http-nio-auto-1-exec-3] com.zaxxer.hikari.HikariDataSource       : HikariPool-11 - Start completed.
2024-06-08T09:41:46.958+03:00  INFO 13544 --- [http-nio-auto-1-exec-3] com.zaxxer.hikari.HikariDataSource       : HikariPool-12 - Starting...
2024-06-08T09:41:46.966+03:00  INFO 13544 --- [http-nio-auto-1-exec-3] com.zaxxer.hikari.pool.HikariPool        : HikariPool-12 - Added connection conn65: url=jdbc:h2:mem:compar2 user=DEMO
2024-06-08T09:41:46.966+03:00  INFO 13544 --- [http-nio-auto-1-exec-3] com.zaxxer.hikari.HikariDataSource       : HikariPool-12 - Start completed.
2024-06-08T09:41:46.968+03:00  INFO 13544 --- [http-nio-auto-1-exec-3] com.zaxxer.hikari.HikariDataSource       : HikariPool-13 - Starting...
2024-06-08T09:41:46.972+03:00  INFO 13544 --- [http-nio-auto-1-exec-3] com.zaxxer.hikari.pool.HikariPool        : HikariPool-13 - Added connection conn67: url=jdbc:h2:mem:compar3 user=DEMO
2024-06-08T09:41:46.973+03:00  INFO 13544 --- [http-nio-auto-1-exec-3] com.zaxxer.hikari.HikariDataSource       : HikariPool-13 - Start completed.
2024-06-08T09:41:47.007+03:00  INFO 13544 --- [http-nio-auto-1-exec-4] com.zaxxer.hikari.HikariDataSource       : HikariPool-14 - Starting...
2024-06-08T09:41:47.011+03:00  INFO 13544 --- [http-nio-auto-1-exec-4] com.zaxxer.hikari.pool.HikariPool        : HikariPool-14 - Added connection conn77: url=jdbc:h2:mem:compar user=DEMO
2024-06-08T09:41:47.011+03:00  INFO 13544 --- [http-nio-auto-1-exec-4] com.zaxxer.hikari.HikariDataSource       : HikariPool-14 - Start completed.
2024-06-08T09:41:47.016+03:00  INFO 13544 --- [http-nio-auto-1-exec-4] com.zaxxer.hikari.HikariDataSource       : HikariPool-15 - Starting...
2024-06-08T09:41:47.017+03:00  INFO 13544 --- [http-nio-auto-1-exec-4] com.zaxxer.hikari.pool.HikariPool        : HikariPool-15 - Added connection conn80: url=jdbc:h2:mem:compar2 user=DEMO
2024-06-08T09:41:47.018+03:00  INFO 13544 --- [http-nio-auto-1-exec-4] com.zaxxer.hikari.HikariDataSource       : HikariPool-15 - Start completed.
2024-06-08T09:41:47.019+03:00  INFO 13544 --- [http-nio-auto-1-exec-4] com.zaxxer.hikari.HikariDataSource       : HikariPool-16 - Starting...
2024-06-08T09:41:47.021+03:00  INFO 13544 --- [http-nio-auto-1-exec-4] com.zaxxer.hikari.pool.HikariPool        : HikariPool-16 - Added connection conn82: url=jdbc:h2:mem:compar3 user=DEMO
2024-06-08T09:41:47.022+03:00  INFO 13544 --- [http-nio-auto-1-exec-4] com.zaxxer.hikari.HikariDataSource       : HikariPool-16 - Start completed.
2024-06-08T09:41:47.044+03:00  INFO 13544 --- [http-nio-auto-1-exec-5] com.zaxxer.hikari.HikariDataSource       : HikariPool-17 - Starting...
2024-06-08T09:41:47.046+03:00  INFO 13544 --- [http-nio-auto-1-exec-5] com.zaxxer.hikari.pool.HikariPool        : HikariPool-17 - Added connection conn90: url=jdbc:h2:mem:compar user=DEMO
2024-06-08T09:41:47.046+03:00  INFO 13544 --- [http-nio-auto-1-exec-5] com.zaxxer.hikari.HikariDataSource       : HikariPool-17 - Start completed.
2024-06-08T09:41:47.047+03:00  INFO 13544 --- [http-nio-auto-1-exec-5] com.zaxxer.hikari.HikariDataSource       : HikariPool-18 - Starting...
2024-06-08T09:41:47.048+03:00  INFO 13544 --- [http-nio-auto-1-exec-5] com.zaxxer.hikari.pool.HikariPool        : HikariPool-18 - Added connection conn91: url=jdbc:h2:mem:compar2 user=DEMO
2024-06-08T09:41:47.050+03:00  INFO 13544 --- [http-nio-auto-1-exec-5] com.zaxxer.hikari.HikariDataSource       : HikariPool-18 - Start completed.
2024-06-08T09:41:47.051+03:00  INFO 13544 --- [http-nio-auto-1-exec-5] com.zaxxer.hikari.HikariDataSource       : HikariPool-19 - Starting...
2024-06-08T09:41:47.052+03:00  INFO 13544 --- [http-nio-auto-1-exec-5] com.zaxxer.hikari.pool.HikariPool        : HikariPool-19 - Added connection conn94: url=jdbc:h2:mem:compar3 user=DEMO
2024-06-08T09:41:47.052+03:00  INFO 13544 --- [http-nio-auto-1-exec-5] com.zaxxer.hikari.HikariDataSource       : HikariPool-19 - Start completed.
2024-06-08T09:41:47.069+03:00  INFO 13544 --- [http-nio-auto-1-exec-7] com.zaxxer.hikari.HikariDataSource       : HikariPool-20 - Starting...
2024-06-08T09:41:47.070+03:00  INFO 13544 --- [http-nio-auto-1-exec-7] com.zaxxer.hikari.pool.HikariPool        : HikariPool-20 - Added connection conn103: url=jdbc:h2:mem:compar user=DEMO
2024-06-08T09:41:47.071+03:00  INFO 13544 --- [http-nio-auto-1-exec-7] com.zaxxer.hikari.HikariDataSource       : HikariPool-20 - Start completed.
2024-06-08T09:41:47.071+03:00  INFO 13544 --- [http-nio-auto-1-exec-7] com.zaxxer.hikari.HikariDataSource       : HikariPool-21 - Starting...
2024-06-08T09:41:47.072+03:00  INFO 13544 --- [http-nio-auto-1-exec-7] com.zaxxer.hikari.pool.HikariPool        : HikariPool-21 - Added connection conn104: url=jdbc:h2:mem:compar2 user=DEMO
2024-06-08T09:41:47.073+03:00  INFO 13544 --- [http-nio-auto-1-exec-7] com.zaxxer.hikari.HikariDataSource       : HikariPool-21 - Start completed.
2024-06-08T09:41:47.073+03:00  INFO 13544 --- [http-nio-auto-1-exec-7] com.zaxxer.hikari.HikariDataSource       : HikariPool-22 - Starting...
2024-06-08T09:41:47.074+03:00  INFO 13544 --- [http-nio-auto-1-exec-7] com.zaxxer.hikari.pool.HikariPool        : HikariPool-22 - Added connection conn106: url=jdbc:h2:mem:compar3 user=DEMO
2024-06-08T09:41:47.075+03:00  INFO 13544 --- [http-nio-auto-1-exec-7] com.zaxxer.hikari.HikariDataSource       : HikariPool-22 - Start completed.
2024-06-08T09:41:47.100+03:00  INFO 13544 --- [http-nio-auto-1-exec-8] com.zaxxer.hikari.HikariDataSource       : HikariPool-23 - Starting...
2024-06-08T09:41:47.101+03:00  INFO 13544 --- [http-nio-auto-1-exec-8] com.zaxxer.hikari.pool.HikariPool        : HikariPool-23 - Added connection conn122: url=jdbc:h2:mem:compar user=DEMO
2024-06-08T09:41:47.102+03:00  INFO 13544 --- [http-nio-auto-1-exec-8] com.zaxxer.hikari.HikariDataSource       : HikariPool-23 - Start completed.
2024-06-08T09:41:47.103+03:00  INFO 13544 --- [http-nio-auto-1-exec-8] com.zaxxer.hikari.HikariDataSource       : HikariPool-24 - Starting...
2024-06-08T09:41:47.104+03:00  INFO 13544 --- [http-nio-auto-1-exec-8] com.zaxxer.hikari.pool.HikariPool        : HikariPool-24 - Added connection conn125: url=jdbc:h2:mem:compar2 user=DEMO
2024-06-08T09:41:47.104+03:00  INFO 13544 --- [http-nio-auto-1-exec-8] com.zaxxer.hikari.HikariDataSource       : HikariPool-24 - Start completed.
2024-06-08T09:41:47.106+03:00  INFO 13544 --- [http-nio-auto-1-exec-8] com.zaxxer.hikari.HikariDataSource       : HikariPool-25 - Starting...
2024-06-08T09:41:47.107+03:00  INFO 13544 --- [http-nio-auto-1-exec-8] com.zaxxer.hikari.pool.HikariPool        : HikariPool-25 - Added connection conn126: url=jdbc:h2:mem:compar3 user=DEMO
2024-06-08T09:41:47.107+03:00  INFO 13544 --- [http-nio-auto-1-exec-8] com.zaxxer.hikari.HikariDataSource       : HikariPool-25 - Start completed.
2024-06-08T09:41:47.125+03:00  WARN 13544 --- [http-nio-auto-1-exec-9] .w.s.m.s.DefaultHandlerExceptionResolver : Resolved [org.springframework.web.method.annotation.MethodArgumentTypeMismatchException: Failed to convert value of type 'java.lang.String' to required type 'java.lang.Long'; For input string: "invalid_id"]
2024-06-08T09:41:47.197+03:00  INFO 13544 --- [SpringApplicationShutdownHook] j.LocalContainerEntityManagerFactoryBean : Closing JPA EntityManagerFactory for persistence unit 'default'
2024-06-08T09:41:47.203+03:00  INFO 13544 --- [SpringApplicationShutdownHook] com.zaxxer.hikari.HikariDataSource       : HikariPool-1 - Shutdown initiated...
2024-06-08T09:41:47.206+03:00  INFO 13544 --- [SpringApplicationShutdownHook] com.zaxxer.hikari.HikariDataSource       : HikariPool-1 - Shutdown completed.
2024-06-08T09:42:11.223+03:00  INFO 13710 --- [main] com.dmadev.service.UserServiceTest       : Starting UserServiceTest using Java 17.0.8 with PID 13710 (started by dmaberlin in /home/dmaberlin/java/other/demo/compar-demo/compar-src)
2024-06-08T09:42:11.225+03:00  INFO 13710 --- [main] com.dmadev.service.UserServiceTest       : No active profile set, falling back to 1 default profile: "default"
2024-06-08T09:42:12.530+03:00  INFO 13710 --- [main] .s.d.r.c.RepositoryConfigurationDelegate : Bootstrapping Spring Data JPA repositories in DEFAULT mode.
2024-06-08T09:42:12.559+03:00  INFO 13710 --- [main] .s.d.r.c.RepositoryConfigurationDelegate : Finished Spring Data repository scanning in 20 ms. Found 0 JPA repository interfaces.
2024-06-08T09:42:13.201+03:00  INFO 13710 --- [main] com.zaxxer.hikari.HikariDataSource       : HikariPool-1 - Starting...
2024-06-08T09:42:13.375+03:00  INFO 13710 --- [main] com.zaxxer.hikari.pool.HikariPool        : HikariPool-1 - Added connection conn0: url=jdbc:h2:mem:f3e0daf8-cfa9-4b45-b69f-deb11d218351 user=SA
2024-06-08T09:42:13.377+03:00  INFO 13710 --- [main] com.zaxxer.hikari.HikariDataSource       : HikariPool-1 - Start completed.
2024-06-08T09:42:13.435+03:00  INFO 13710 --- [main] o.hibernate.jpa.internal.util.LogHelper  : HHH000204: Processing PersistenceUnitInfo [name: default]
2024-06-08T09:42:13.504+03:00  INFO 13710 --- [main] org.hibernate.Version                    : HHH000412: Hibernate ORM core version 6.4.4.Final
2024-06-08T09:42:13.537+03:00  INFO 13710 --- [main] o.h.c.internal.RegionFactoryInitiator    : HHH000026: Second-level cache disabled
2024-06-08T09:42:13.769+03:00  INFO 13710 --- [main] o.s.o.j.p.SpringPersistenceUnitInfo      : No LoadTimeWeaver setup: ignoring JPA class transformer
2024-06-08T09:42:14.125+03:00  INFO 13710 --- [main] o.h.e.t.j.p.i.JtaPlatformInitiator       : HHH000489: No JTA platform available (set 'hibernate.transaction.jta.platform' to enable JTA platform integration)
2024-06-08T09:42:14.130+03:00  INFO 13710 --- [main] j.LocalContainerEntityManagerFactoryBean : Initialized JPA EntityManagerFactory for persistence unit 'default'
2024-06-08T09:42:14.199+03:00  INFO 13710 --- [main] com.zaxxer.hikari.HikariDataSource       : HikariPool-2 - Starting...
2024-06-08T09:42:14.203+03:00  INFO 13710 --- [main] com.zaxxer.hikari.pool.HikariPool        : HikariPool-2 - Added connection conn10: url=jdbc:h2:mem:compar user=DEMO
2024-06-08T09:42:14.204+03:00  INFO 13710 --- [main] com.zaxxer.hikari.HikariDataSource       : HikariPool-2 - Start completed.
2024-06-08T09:42:14.247+03:00  INFO 13710 --- [main] o.f.c.internal.license.VersionPrinter    : Flyway Community Edition 9.22.3 by Redgate
2024-06-08T09:42:14.247+03:00  INFO 13710 --- [main] o.f.c.internal.license.VersionPrinter    : See release notes here: https://rd.gt/416ObMi
2024-06-08T09:42:14.247+03:00  INFO 13710 --- [main] o.f.c.internal.license.VersionPrinter    : 
2024-06-08T09:42:14.287+03:00  INFO 13710 --- [main] org.flywaydb.core.FlywayExecutor         : Database: jdbc:h2:mem:compar (H2 2.2)
2024-06-08T09:42:14.313+03:00  INFO 13710 --- [main] o.f.c.i.s.JdbcTableSchemaHistory         : Schema history table "PUBLIC"."flyway_schema_history" does not exist yet
2024-06-08T09:42:14.316+03:00  INFO 13710 --- [main] o.f.core.internal.command.DbValidate     : Successfully validated 2 migrations (execution time 00:00.013s)
2024-06-08T09:42:14.323+03:00  INFO 13710 --- [main] o.f.c.i.s.JdbcTableSchemaHistory         : Creating Schema History table "PUBLIC"."flyway_schema_history" ...
2024-06-08T09:42:14.357+03:00  INFO 13710 --- [main] o.f.core.internal.command.DbMigrate      : Current version of schema "PUBLIC": << Empty Schema >>
2024-06-08T09:42:14.362+03:00  INFO 13710 --- [main] o.f.core.internal.command.DbMigrate      : Migrating schema "PUBLIC" to version "1 - Create"
2024-06-08T09:42:14.378+03:00  INFO 13710 --- [main] o.f.core.internal.command.DbMigrate      : Migrating schema "PUBLIC" to version "2 - Insertion"
2024-06-08T09:42:14.386+03:00  INFO 13710 --- [main] o.f.core.internal.command.DbMigrate      : Successfully applied 2 migrations to schema "PUBLIC", now at version v2 (execution time 00:00.004s)
2024-06-08T09:42:14.388+03:00  INFO 13710 --- [main] com.zaxxer.hikari.HikariDataSource       : HikariPool-3 - Starting...
2024-06-08T09:42:14.391+03:00  INFO 13710 --- [main] com.zaxxer.hikari.pool.HikariPool        : HikariPool-3 - Added connection conn19: url=jdbc:h2:mem:compar2 user=DEMO
2024-06-08T09:42:14.391+03:00  INFO 13710 --- [main] com.zaxxer.hikari.HikariDataSource       : HikariPool-3 - Start completed.
2024-06-08T09:42:14.397+03:00  INFO 13710 --- [main] org.flywaydb.core.FlywayExecutor         : Database: jdbc:h2:mem:compar2 (H2 2.2)
2024-06-08T09:42:14.402+03:00  INFO 13710 --- [main] o.f.c.i.s.JdbcTableSchemaHistory         : Schema history table "PUBLIC"."flyway_schema_history" does not exist yet
2024-06-08T09:42:14.403+03:00  INFO 13710 --- [main] o.f.core.internal.command.DbValidate     : Successfully validated 2 migrations (execution time 00:00.002s)
2024-06-08T09:42:14.405+03:00  INFO 13710 --- [main] o.f.c.i.s.JdbcTableSchemaHistory         : Creating Schema History table "PUBLIC"."flyway_schema_history" ...
2024-06-08T09:42:14.415+03:00  INFO 13710 --- [main] o.f.core.internal.command.DbMigrate      : Current version of schema "PUBLIC": << Empty Schema >>
2024-06-08T09:42:14.417+03:00  INFO 13710 --- [main] o.f.core.internal.command.DbMigrate      : Migrating schema "PUBLIC" to version "1 - Create"
2024-06-08T09:42:14.425+03:00  INFO 13710 --- [main] o.f.core.internal.command.DbMigrate      : Migrating schema "PUBLIC" to version "2 - InsertionOne"
2024-06-08T09:42:14.429+03:00  INFO 13710 --- [main] o.f.core.internal.command.DbMigrate      : Successfully applied 2 migrations to schema "PUBLIC", now at version v2 (execution time 00:00.003s)
2024-06-08T09:42:14.431+03:00  INFO 13710 --- [main] com.zaxxer.hikari.HikariDataSource       : HikariPool-4 - Starting...
2024-06-08T09:42:14.433+03:00  INFO 13710 --- [main] com.zaxxer.hikari.pool.HikariPool        : HikariPool-4 - Added connection conn23: url=jdbc:h2:mem:compar3 user=DEMO
2024-06-08T09:42:14.434+03:00  INFO 13710 --- [main] com.zaxxer.hikari.HikariDataSource       : HikariPool-4 - Start completed.
2024-06-08T09:42:14.440+03:00  INFO 13710 --- [main] org.flywaydb.core.FlywayExecutor         : Database: jdbc:h2:mem:compar3 (H2 2.2)
2024-06-08T09:42:14.444+03:00  INFO 13710 --- [main] o.f.c.i.s.JdbcTableSchemaHistory         : Schema history table "PUBLIC"."flyway_schema_history" does not exist yet
2024-06-08T09:42:14.445+03:00  INFO 13710 --- [main] o.f.core.internal.command.DbValidate     : Successfully validated 2 migrations (execution time 00:00.002s)
2024-06-08T09:42:14.447+03:00  INFO 13710 --- [main] o.f.c.i.s.JdbcTableSchemaHistory         : Creating Schema History table "PUBLIC"."flyway_schema_history" ...
2024-06-08T09:42:14.454+03:00  INFO 13710 --- [main] o.f.core.internal.command.DbMigrate      : Current version of schema "PUBLIC": << Empty Schema >>
2024-06-08T09:42:14.456+03:00  INFO 13710 --- [main] o.f.core.internal.command.DbMigrate      : Migrating schema "PUBLIC" to version "1 - Create"
2024-06-08T09:42:14.463+03:00  INFO 13710 --- [main] o.f.core.internal.command.DbMigrate      : Migrating schema "PUBLIC" to version "2 - Insert"
2024-06-08T09:42:14.467+03:00  INFO 13710 --- [main] o.f.core.internal.command.DbMigrate      : Successfully applied 2 migrations to schema "PUBLIC", now at version v2 (execution time 00:00.002s)
2024-06-08T09:42:14.841+03:00  WARN 13710 --- [main] JpaBaseConfiguration$JpaWebConfiguration : spring.jpa.open-in-view is enabled by default. Therefore, database queries may be performed during view rendering. Explicitly configure spring.jpa.open-in-view to disable this warning
2024-06-08T09:42:16.106+03:00  INFO 13710 --- [main] o.s.b.a.e.web.EndpointLinksResolver      : Exposing 1 endpoint(s) beneath base path '/actuator'
2024-06-08T09:42:16.208+03:00  INFO 13710 --- [main] com.dmadev.service.UserServiceTest       : Started UserServiceTest in 5.393 seconds (process running for 6.601)
2024-06-08T09:42:16.802+03:00  INFO 13710 --- [main] com.zaxxer.hikari.HikariDataSource       : HikariPool-5 - Starting...
2024-06-08T09:42:16.804+03:00  INFO 13710 --- [main] com.zaxxer.hikari.pool.HikariPool        : HikariPool-5 - Added connection conn40: url=jdbc:h2:mem:compar user=DEMO
2024-06-08T09:42:16.805+03:00  INFO 13710 --- [main] com.zaxxer.hikari.HikariDataSource       : HikariPool-5 - Start completed.
2024-06-08T09:42:16.809+03:00  INFO 13710 --- [main] com.zaxxer.hikari.HikariDataSource       : HikariPool-6 - Starting...
2024-06-08T09:42:16.810+03:00  INFO 13710 --- [main] com.zaxxer.hikari.pool.HikariPool        : HikariPool-6 - Added connection conn41: url=jdbc:h2:mem:compar2 user=DEMO
2024-06-08T09:42:16.811+03:00  INFO 13710 --- [main] com.zaxxer.hikari.HikariDataSource       : HikariPool-6 - Start completed.
2024-06-08T09:42:16.812+03:00  INFO 13710 --- [main] com.zaxxer.hikari.HikariDataSource       : HikariPool-7 - Starting...
2024-06-08T09:42:16.813+03:00  INFO 13710 --- [main] com.zaxxer.hikari.pool.HikariPool        : HikariPool-7 - Added connection conn42: url=jdbc:h2:mem:compar3 user=DEMO
2024-06-08T09:42:16.814+03:00  INFO 13710 --- [main] com.zaxxer.hikari.HikariDataSource       : HikariPool-7 - Start completed.
2024-06-08T09:42:16.885+03:00  INFO 13710 --- [main] com.zaxxer.hikari.HikariDataSource       : HikariPool-8 - Starting...
2024-06-08T09:42:16.887+03:00  INFO 13710 --- [main] com.zaxxer.hikari.pool.HikariPool        : HikariPool-8 - Added connection conn43: url=jdbc:h2:mem:compar user=DEMO
2024-06-08T09:42:16.888+03:00  INFO 13710 --- [main] com.zaxxer.hikari.HikariDataSource       : HikariPool-8 - Start completed.
2024-06-08T09:42:16.889+03:00  INFO 13710 --- [main] com.zaxxer.hikari.HikariDataSource       : HikariPool-9 - Starting...
2024-06-08T09:42:16.890+03:00  INFO 13710 --- [main] com.zaxxer.hikari.pool.HikariPool        : HikariPool-9 - Added connection conn44: url=jdbc:h2:mem:compar2 user=DEMO
2024-06-08T09:42:16.890+03:00  INFO 13710 --- [main] com.zaxxer.hikari.HikariDataSource       : HikariPool-9 - Start completed.
2024-06-08T09:42:16.891+03:00  INFO 13710 --- [main] com.zaxxer.hikari.HikariDataSource       : HikariPool-10 - Starting...
2024-06-08T09:42:16.895+03:00  INFO 13710 --- [main] com.zaxxer.hikari.pool.HikariPool        : HikariPool-10 - Added connection conn45: url=jdbc:h2:mem:compar3 user=DEMO
2024-06-08T09:42:16.895+03:00  INFO 13710 --- [main] com.zaxxer.hikari.HikariDataSource       : HikariPool-10 - Start completed.
2024-06-08T09:42:16.904+03:00  INFO 13710 --- [main] com.zaxxer.hikari.HikariDataSource       : HikariPool-11 - Starting...
2024-06-08T09:42:16.906+03:00  INFO 13710 --- [main] com.zaxxer.hikari.pool.HikariPool        : HikariPool-11 - Added connection conn46: url=jdbc:h2:mem:compar user=DEMO
2024-06-08T09:42:16.907+03:00  INFO 13710 --- [main] com.zaxxer.hikari.HikariDataSource       : HikariPool-11 - Start completed.
2024-06-08T09:42:16.909+03:00  INFO 13710 --- [main] com.zaxxer.hikari.HikariDataSource       : HikariPool-12 - Starting...
2024-06-08T09:42:16.910+03:00  INFO 13710 --- [main] com.zaxxer.hikari.pool.HikariPool        : HikariPool-12 - Added connection conn48: url=jdbc:h2:mem:compar2 user=DEMO
2024-06-08T09:42:16.911+03:00  INFO 13710 --- [main] com.zaxxer.hikari.HikariDataSource       : HikariPool-12 - Start completed.
2024-06-08T09:42:16.912+03:00  INFO 13710 --- [main] com.zaxxer.hikari.HikariDataSource       : HikariPool-13 - Starting...
2024-06-08T09:42:16.913+03:00  INFO 13710 --- [main] com.zaxxer.hikari.pool.HikariPool        : HikariPool-13 - Added connection conn50: url=jdbc:h2:mem:compar3 user=DEMO
2024-06-08T09:42:16.914+03:00  INFO 13710 --- [main] com.zaxxer.hikari.HikariDataSource       : HikariPool-13 - Start completed.
2024-06-08T09:42:16.925+03:00  INFO 13710 --- [main] com.zaxxer.hikari.HikariDataSource       : HikariPool-14 - Starting...
2024-06-08T09:42:16.926+03:00  INFO 13710 --- [main] com.zaxxer.hikari.pool.HikariPool        : HikariPool-14 - Added connection conn55: url=jdbc:h2:mem:compar user=DEMO
2024-06-08T09:42:16.926+03:00  INFO 13710 --- [main] com.zaxxer.hikari.HikariDataSource       : HikariPool-14 - Start completed.
2024-06-08T09:42:16.928+03:00  INFO 13710 --- [main] com.zaxxer.hikari.HikariDataSource       : HikariPool-15 - Starting...
2024-06-08T09:42:16.929+03:00  INFO 13710 --- [main] com.zaxxer.hikari.pool.HikariPool        : HikariPool-15 - Added connection conn57: url=jdbc:h2:mem:compar2 user=DEMO
2024-06-08T09:42:16.929+03:00  INFO 13710 --- [main] com.zaxxer.hikari.HikariDataSource       : HikariPool-15 - Start completed.
2024-06-08T09:42:16.930+03:00  INFO 13710 --- [main] com.zaxxer.hikari.HikariDataSource       : HikariPool-16 - Starting...
2024-06-08T09:42:16.931+03:00  INFO 13710 --- [main] com.zaxxer.hikari.pool.HikariPool        : HikariPool-16 - Added connection conn58: url=jdbc:h2:mem:compar3 user=DEMO
2024-06-08T09:42:16.932+03:00  INFO 13710 --- [main] com.zaxxer.hikari.HikariDataSource       : HikariPool-16 - Start completed.
2024-06-08T09:42:16.941+03:00  INFO 13710 --- [main] com.zaxxer.hikari.HikariDataSource       : HikariPool-17 - Starting...
2024-06-08T09:42:16.945+03:00  INFO 13710 --- [main] com.zaxxer.hikari.pool.HikariPool        : HikariPool-17 - Added connection conn62: url=jdbc:h2:mem:compar user=DEMO
2024-06-08T09:42:16.945+03:00  INFO 13710 --- [main] com.zaxxer.hikari.HikariDataSource       : HikariPool-17 - Start completed.
2024-06-08T09:42:16.946+03:00  INFO 13710 --- [main] com.zaxxer.hikari.HikariDataSource       : HikariPool-18 - Starting...
2024-06-08T09:42:16.948+03:00  INFO 13710 --- [main] com.zaxxer.hikari.pool.HikariPool        : HikariPool-18 - Added connection conn63: url=jdbc:h2:mem:compar2 user=DEMO
2024-06-08T09:42:16.948+03:00  INFO 13710 --- [main] com.zaxxer.hikari.HikariDataSource       : HikariPool-18 - Start completed.
2024-06-08T09:42:16.949+03:00  INFO 13710 --- [main] com.zaxxer.hikari.HikariDataSource       : HikariPool-19 - Starting...
2024-06-08T09:42:16.950+03:00  INFO 13710 --- [main] com.zaxxer.hikari.pool.HikariPool        : HikariPool-19 - Added connection conn67: url=jdbc:h2:mem:compar3 user=DEMO
2024-06-08T09:42:16.951+03:00  INFO 13710 --- [main] com.zaxxer.hikari.HikariDataSource       : HikariPool-19 - Start completed.
2024-06-08T09:42:16.963+03:00  INFO 13710 --- [main] com.zaxxer.hikari.HikariDataSource       : HikariPool-20 - Starting...
2024-06-08T09:42:16.964+03:00  INFO 13710 --- [main] com.zaxxer.hikari.pool.HikariPool        : HikariPool-20 - Added connection conn71: url=jdbc:h2:mem:compar user=DEMO
2024-06-08T09:42:16.964+03:00  INFO 13710 --- [main] com.zaxxer.hikari.HikariDataSource       : HikariPool-20 - Start completed.
2024-06-08T09:42:16.965+03:00  INFO 13710 --- [main] com.zaxxer.hikari.HikariDataSource       : HikariPool-21 - Starting...
2024-06-08T09:42:16.966+03:00  INFO 13710 --- [main] com.zaxxer.hikari.pool.HikariPool        : HikariPool-21 - Added connection conn72: url=jdbc:h2:mem:compar2 user=DEMO
2024-06-08T09:42:16.966+03:00  INFO 13710 --- [main] com.zaxxer.hikari.HikariDataSource       : HikariPool-21 - Start completed.
2024-06-08T09:42:16.967+03:00  INFO 13710 --- [main] com.zaxxer.hikari.HikariDataSource       : HikariPool-22 - Starting...
2024-06-08T09:42:16.968+03:00  INFO 13710 --- [main] com.zaxxer.hikari.pool.HikariPool        : HikariPool-22 - Added connection conn73: url=jdbc:h2:mem:compar3 user=DEMO
2024-06-08T09:42:16.969+03:00  INFO 13710 --- [main] com.zaxxer.hikari.HikariDataSource       : HikariPool-22 - Start completed.
2024-06-08T09:42:16.977+03:00  INFO 13710 --- [main] com.zaxxer.hikari.HikariDataSource       : HikariPool-23 - Starting...
2024-06-08T09:42:16.978+03:00  INFO 13710 --- [main] com.zaxxer.hikari.pool.HikariPool        : HikariPool-23 - Added connection conn77: url=jdbc:h2:mem:compar user=DEMO
2024-06-08T09:42:16.979+03:00  INFO 13710 --- [main] com.zaxxer.hikari.HikariDataSource       : HikariPool-23 - Start completed.
2024-06-08T09:42:16.979+03:00  INFO 13710 --- [main] com.zaxxer.hikari.HikariDataSource       : HikariPool-24 - Starting...
2024-06-08T09:42:16.980+03:00  INFO 13710 --- [main] com.zaxxer.hikari.pool.HikariPool        : HikariPool-24 - Added connection conn78: url=jdbc:h2:mem:compar2 user=DEMO
2024-06-08T09:42:16.980+03:00  INFO 13710 --- [main] com.zaxxer.hikari.HikariDataSource       : HikariPool-24 - Start completed.
2024-06-08T09:42:16.981+03:00  INFO 13710 --- [main] com.zaxxer.hikari.HikariDataSource       : HikariPool-25 - Starting...
2024-06-08T09:42:16.982+03:00  INFO 13710 --- [main] com.zaxxer.hikari.pool.HikariPool        : HikariPool-25 - Added connection conn81: url=jdbc:h2:mem:compar3 user=DEMO
2024-06-08T09:42:16.982+03:00  INFO 13710 --- [main] com.zaxxer.hikari.HikariDataSource       : HikariPool-25 - Start completed.
2024-06-08T09:42:16.992+03:00  INFO 13710 --- [main] com.zaxxer.hikari.HikariDataSource       : HikariPool-26 - Starting...
2024-06-08T09:42:16.993+03:00  INFO 13710 --- [main] com.zaxxer.hikari.pool.HikariPool        : HikariPool-26 - Added connection conn85: url=jdbc:h2:mem:compar user=DEMO
2024-06-08T09:42:16.993+03:00  INFO 13710 --- [main] com.zaxxer.hikari.HikariDataSource       : HikariPool-26 - Start completed.
2024-06-08T09:42:16.994+03:00  INFO 13710 --- [main] com.zaxxer.hikari.HikariDataSource       : HikariPool-27 - Starting...
2024-06-08T09:42:16.995+03:00  INFO 13710 --- [main] com.zaxxer.hikari.pool.HikariPool        : HikariPool-27 - Added connection conn88: url=jdbc:h2:mem:compar2 user=DEMO
2024-06-08T09:42:16.996+03:00  INFO 13710 --- [main] com.zaxxer.hikari.HikariDataSource       : HikariPool-27 - Start completed.
2024-06-08T09:42:16.997+03:00  INFO 13710 --- [main] com.zaxxer.hikari.HikariDataSource       : HikariPool-28 - Starting...
2024-06-08T09:42:16.999+03:00  INFO 13710 --- [main] com.zaxxer.hikari.pool.HikariPool        : HikariPool-28 - Added connection conn90: url=jdbc:h2:mem:compar3 user=DEMO
2024-06-08T09:42:16.999+03:00  INFO 13710 --- [main] com.zaxxer.hikari.HikariDataSource       : HikariPool-28 - Start completed.
2024-06-08T09:42:17.008+03:00  INFO 13710 --- [main] com.zaxxer.hikari.HikariDataSource       : HikariPool-29 - Starting...
2024-06-08T09:42:17.009+03:00  INFO 13710 --- [main] com.zaxxer.hikari.pool.HikariPool        : HikariPool-29 - Added connection conn96: url=jdbc:h2:mem:compar user=DEMO
2024-06-08T09:42:17.009+03:00  INFO 13710 --- [main] com.zaxxer.hikari.HikariDataSource       : HikariPool-29 - Start completed.
2024-06-08T09:42:17.010+03:00  INFO 13710 --- [main] com.zaxxer.hikari.HikariDataSource       : HikariPool-30 - Starting...
2024-06-08T09:42:17.013+03:00  INFO 13710 --- [main] com.zaxxer.hikari.pool.HikariPool        : HikariPool-30 - Added connection conn98: url=jdbc:h2:mem:compar2 user=DEMO
2024-06-08T09:42:17.014+03:00  INFO 13710 --- [main] com.zaxxer.hikari.HikariDataSource       : HikariPool-30 - Start completed.
2024-06-08T09:42:17.015+03:00  INFO 13710 --- [main] com.zaxxer.hikari.HikariDataSource       : HikariPool-31 - Starting...
2024-06-08T09:42:17.016+03:00  INFO 13710 --- [main] com.zaxxer.hikari.pool.HikariPool        : HikariPool-31 - Added connection conn104: url=jdbc:h2:mem:compar3 user=DEMO
2024-06-08T09:42:17.017+03:00  INFO 13710 --- [main] com.zaxxer.hikari.HikariDataSource       : HikariPool-31 - Start completed.
2024-06-08T09:42:17.027+03:00  INFO 13710 --- [main] com.zaxxer.hikari.HikariDataSource       : HikariPool-32 - Starting...
2024-06-08T09:42:17.029+03:00  INFO 13710 --- [main] com.zaxxer.hikari.pool.HikariPool        : HikariPool-32 - Added connection conn110: url=jdbc:h2:mem:compar user=DEMO
2024-06-08T09:42:17.029+03:00  INFO 13710 --- [main] com.zaxxer.hikari.HikariDataSource       : HikariPool-32 - Start completed.
2024-06-08T09:42:17.030+03:00  INFO 13710 --- [main] com.zaxxer.hikari.HikariDataSource       : HikariPool-33 - Starting...
2024-06-08T09:42:17.032+03:00  INFO 13710 --- [main] com.zaxxer.hikari.pool.HikariPool        : HikariPool-33 - Added connection conn113: url=jdbc:h2:mem:compar2 user=DEMO
2024-06-08T09:42:17.032+03:00  INFO 13710 --- [main] com.zaxxer.hikari.HikariDataSource       : HikariPool-33 - Start completed.
2024-06-08T09:42:17.033+03:00  INFO 13710 --- [main] com.zaxxer.hikari.HikariDataSource       : HikariPool-34 - Starting...
2024-06-08T09:42:17.034+03:00  INFO 13710 --- [main] com.zaxxer.hikari.pool.HikariPool        : HikariPool-34 - Added connection conn118: url=jdbc:h2:mem:compar3 user=DEMO
2024-06-08T09:42:17.035+03:00  INFO 13710 --- [main] com.zaxxer.hikari.HikariDataSource       : HikariPool-34 - Start completed.
2024-06-08T09:42:17.045+03:00  INFO 13710 --- [main] com.zaxxer.hikari.HikariDataSource       : HikariPool-35 - Starting...
2024-06-08T09:42:17.047+03:00  INFO 13710 --- [main] com.zaxxer.hikari.pool.HikariPool        : HikariPool-35 - Added connection conn129: url=jdbc:h2:mem:compar user=DEMO
2024-06-08T09:42:17.047+03:00  INFO 13710 --- [main] com.zaxxer.hikari.HikariDataSource       : HikariPool-35 - Start completed.
2024-06-08T09:42:17.048+03:00  INFO 13710 --- [main] com.zaxxer.hikari.HikariDataSource       : HikariPool-36 - Starting...
2024-06-08T09:42:17.049+03:00  INFO 13710 --- [main] com.zaxxer.hikari.pool.HikariPool        : HikariPool-36 - Added connection conn133: url=jdbc:h2:mem:compar2 user=DEMO
2024-06-08T09:42:17.050+03:00  INFO 13710 --- [main] com.zaxxer.hikari.HikariDataSource       : HikariPool-36 - Start completed.
2024-06-08T09:42:17.051+03:00  INFO 13710 --- [main] com.zaxxer.hikari.HikariDataSource       : HikariPool-37 - Starting...
2024-06-08T09:42:17.052+03:00  INFO 13710 --- [main] com.zaxxer.hikari.pool.HikariPool        : HikariPool-37 - Added connection conn137: url=jdbc:h2:mem:compar3 user=DEMO
2024-06-08T09:42:17.052+03:00  INFO 13710 --- [main] com.zaxxer.hikari.HikariDataSource       : HikariPool-37 - Start completed.
2024-06-08T09:42:17.053+03:00  INFO 13710 --- [main] com.zaxxer.hikari.HikariDataSource       : HikariPool-38 - Starting...
2024-06-08T09:42:17.054+03:00  INFO 13710 --- [main] com.zaxxer.hikari.pool.HikariPool        : HikariPool-38 - Added connection conn141: url=jdbc:h2:mem:compar user=DEMO
2024-06-08T09:42:17.054+03:00  INFO 13710 --- [main] com.zaxxer.hikari.HikariDataSource       : HikariPool-38 - Start completed.
2024-06-08T09:42:17.055+03:00  INFO 13710 --- [main] com.zaxxer.hikari.HikariDataSource       : HikariPool-39 - Starting...
2024-06-08T09:42:17.059+03:00  INFO 13710 --- [main] com.zaxxer.hikari.pool.HikariPool        : HikariPool-39 - Added connection conn145: url=jdbc:h2:mem:compar2 user=DEMO
2024-06-08T09:42:17.059+03:00  INFO 13710 --- [main] com.zaxxer.hikari.HikariDataSource       : HikariPool-39 - Start completed.
2024-06-08T09:42:17.060+03:00  INFO 13710 --- [main] com.zaxxer.hikari.HikariDataSource       : HikariPool-40 - Starting...
2024-06-08T09:42:17.062+03:00  INFO 13710 --- [main] com.zaxxer.hikari.pool.HikariPool        : HikariPool-40 - Added connection conn151: url=jdbc:h2:mem:compar3 user=DEMO
2024-06-08T09:42:17.063+03:00  INFO 13710 --- [main] com.zaxxer.hikari.HikariDataSource       : HikariPool-40 - Start completed.
2024-06-08T09:42:17.076+03:00  INFO 13710 --- [main] com.zaxxer.hikari.HikariDataSource       : HikariPool-41 - Starting...
2024-06-08T09:42:17.077+03:00  INFO 13710 --- [main] com.zaxxer.hikari.pool.HikariPool        : HikariPool-41 - Added connection conn174: url=jdbc:h2:mem:compar user=DEMO
2024-06-08T09:42:17.077+03:00  INFO 13710 --- [main] com.zaxxer.hikari.HikariDataSource       : HikariPool-41 - Start completed.
2024-06-08T09:42:17.078+03:00  INFO 13710 --- [main] com.zaxxer.hikari.HikariDataSource       : HikariPool-42 - Starting...
2024-06-08T09:42:17.079+03:00  INFO 13710 --- [main] com.zaxxer.hikari.pool.HikariPool        : HikariPool-42 - Added connection conn178: url=jdbc:h2:mem:compar2 user=DEMO
2024-06-08T09:42:17.079+03:00  INFO 13710 --- [main] com.zaxxer.hikari.HikariDataSource       : HikariPool-42 - Start completed.
2024-06-08T09:42:17.080+03:00  INFO 13710 --- [main] com.zaxxer.hikari.HikariDataSource       : HikariPool-43 - Starting...
2024-06-08T09:42:17.082+03:00  INFO 13710 --- [main] com.zaxxer.hikari.pool.HikariPool        : HikariPool-43 - Added connection conn181: url=jdbc:h2:mem:compar3 user=DEMO
2024-06-08T09:42:17.084+03:00  INFO 13710 --- [main] com.zaxxer.hikari.HikariDataSource       : HikariPool-43 - Start completed.
2024-06-08T09:42:17.092+03:00  INFO 13710 --- [main] com.zaxxer.hikari.HikariDataSource       : HikariPool-44 - Starting...
2024-06-08T09:42:17.094+03:00  INFO 13710 --- [main] com.zaxxer.hikari.pool.HikariPool        : HikariPool-44 - Added connection conn200: url=jdbc:h2:mem:compar user=DEMO
2024-06-08T09:42:17.094+03:00  INFO 13710 --- [main] com.zaxxer.hikari.HikariDataSource       : HikariPool-44 - Start completed.
2024-06-08T09:42:17.095+03:00  INFO 13710 --- [main] com.zaxxer.hikari.HikariDataSource       : HikariPool-45 - Starting...
2024-06-08T09:42:17.099+03:00  INFO 13710 --- [main] com.zaxxer.hikari.pool.HikariPool        : HikariPool-45 - Added connection conn206: url=jdbc:h2:mem:compar2 user=DEMO
2024-06-08T09:42:17.100+03:00  INFO 13710 --- [main] com.zaxxer.hikari.HikariDataSource       : HikariPool-45 - Start completed.
2024-06-08T09:42:17.101+03:00  INFO 13710 --- [main] com.zaxxer.hikari.HikariDataSource       : HikariPool-46 - Starting...
2024-06-08T09:42:17.103+03:00  INFO 13710 --- [main] com.zaxxer.hikari.pool.HikariPool        : HikariPool-46 - Added connection conn217: url=jdbc:h2:mem:compar3 user=DEMO
2024-06-08T09:42:17.104+03:00  INFO 13710 --- [main] com.zaxxer.hikari.HikariDataSource       : HikariPool-46 - Start completed.
2024-06-08T09:42:17.114+03:00  INFO 13710 --- [main] com.zaxxer.hikari.HikariDataSource       : HikariPool-47 - Starting...
2024-06-08T09:42:17.115+03:00  INFO 13710 --- [main] com.zaxxer.hikari.pool.HikariPool        : HikariPool-47 - Added connection conn238: url=jdbc:h2:mem:compar user=DEMO
2024-06-08T09:42:17.116+03:00  INFO 13710 --- [main] com.zaxxer.hikari.HikariDataSource       : HikariPool-47 - Start completed.
2024-06-08T09:42:17.116+03:00  INFO 13710 --- [main] com.zaxxer.hikari.HikariDataSource       : HikariPool-48 - Starting...
2024-06-08T09:42:17.119+03:00  INFO 13710 --- [main] com.zaxxer.hikari.pool.HikariPool        : HikariPool-48 - Added connection conn246: url=jdbc:h2:mem:compar2 user=DEMO
2024-06-08T09:42:17.119+03:00  INFO 13710 --- [main] com.zaxxer.hikari.HikariDataSource       : HikariPool-48 - Start completed.
2024-06-08T09:42:17.120+03:00  INFO 13710 --- [main] com.zaxxer.hikari.HikariDataSource       : HikariPool-49 - Starting...
2024-06-08T09:42:17.121+03:00  INFO 13710 --- [main] com.zaxxer.hikari.pool.HikariPool        : HikariPool-49 - Added connection conn252: url=jdbc:h2:mem:compar3 user=DEMO
2024-06-08T09:42:17.122+03:00  INFO 13710 --- [main] com.zaxxer.hikari.HikariDataSource       : HikariPool-49 - Start completed.
2024-06-08T09:42:17.144+03:00  INFO 13710 --- [SpringApplicationShutdownHook] j.LocalContainerEntityManagerFactoryBean : Closing JPA EntityManagerFactory for persistence unit 'default'
2024-06-08T09:42:17.148+03:00  INFO 13710 --- [SpringApplicationShutdownHook] com.zaxxer.hikari.HikariDataSource       : HikariPool-1 - Shutdown initiated...
2024-06-08T09:42:17.151+03:00  INFO 13710 --- [SpringApplicationShutdownHook] com.zaxxer.hikari.HikariDataSource       : HikariPool-1 - Shutdown completed.
2024-06-08T09:42:33.978+03:00  INFO 13902 --- [main] com.dmadev.ComparSrcApplicationTests     : Starting ComparSrcApplicationTests using Java 17.0.8 with PID 13902 (started by dmaberlin in /home/dmaberlin/java/other/demo/compar-demo/compar-src)
2024-06-08T09:42:33.981+03:00  INFO 13902 --- [main] com.dmadev.ComparSrcApplicationTests     : No active profile set, falling back to 1 default profile: "default"
2024-06-08T09:42:35.303+03:00  INFO 13902 --- [main] .s.d.r.c.RepositoryConfigurationDelegate : Bootstrapping Spring Data JPA repositories in DEFAULT mode.
2024-06-08T09:42:35.334+03:00  INFO 13902 --- [main] .s.d.r.c.RepositoryConfigurationDelegate : Finished Spring Data repository scanning in 21 ms. Found 0 JPA repository interfaces.
2024-06-08T09:42:36.010+03:00  INFO 13902 --- [main] com.zaxxer.hikari.HikariDataSource       : HikariPool-1 - Starting...
2024-06-08T09:42:36.282+03:00  INFO 13902 --- [main] com.zaxxer.hikari.pool.HikariPool        : HikariPool-1 - Added connection conn0: url=jdbc:h2:mem:17211255-a594-4155-a6cb-8539ee69b6c9 user=SA
2024-06-08T09:42:36.284+03:00  INFO 13902 --- [main] com.zaxxer.hikari.HikariDataSource       : HikariPool-1 - Start completed.
2024-06-08T09:42:36.338+03:00  INFO 13902 --- [main] o.hibernate.jpa.internal.util.LogHelper  : HHH000204: Processing PersistenceUnitInfo [name: default]
2024-06-08T09:42:36.394+03:00  INFO 13902 --- [main] org.hibernate.Version                    : HHH000412: Hibernate ORM core version 6.4.4.Final
2024-06-08T09:42:36.433+03:00  INFO 13902 --- [main] o.h.c.internal.RegionFactoryInitiator    : HHH000026: Second-level cache disabled
2024-06-08T09:42:36.651+03:00  INFO 13902 --- [main] o.s.o.j.p.SpringPersistenceUnitInfo      : No LoadTimeWeaver setup: ignoring JPA class transformer
2024-06-08T09:42:37.008+03:00  INFO 13902 --- [main] o.h.e.t.j.p.i.JtaPlatformInitiator       : HHH000489: No JTA platform available (set 'hibernate.transaction.jta.platform' to enable JTA platform integration)
2024-06-08T09:42:37.015+03:00  INFO 13902 --- [main] j.LocalContainerEntityManagerFactoryBean : Initialized JPA EntityManagerFactory for persistence unit 'default'
2024-06-08T09:42:37.105+03:00  INFO 13902 --- [main] com.zaxxer.hikari.HikariDataSource       : HikariPool-2 - Starting...
2024-06-08T09:42:37.111+03:00  INFO 13902 --- [main] com.zaxxer.hikari.pool.HikariPool        : HikariPool-2 - Added connection conn10: url=jdbc:h2:mem:compar user=DEMO
2024-06-08T09:42:37.111+03:00  INFO 13902 --- [main] com.zaxxer.hikari.HikariDataSource       : HikariPool-2 - Start completed.
2024-06-08T09:42:37.160+03:00  INFO 13902 --- [main] o.f.c.internal.license.VersionPrinter    : Flyway Community Edition 9.22.3 by Redgate
2024-06-08T09:42:37.161+03:00  INFO 13902 --- [main] o.f.c.internal.license.VersionPrinter    : See release notes here: https://rd.gt/416ObMi
2024-06-08T09:42:37.161+03:00  INFO 13902 --- [main] o.f.c.internal.license.VersionPrinter    : 
2024-06-08T09:42:37.203+03:00  INFO 13902 --- [main] org.flywaydb.core.FlywayExecutor         : Database: jdbc:h2:mem:compar (H2 2.2)
2024-06-08T09:42:37.242+03:00  INFO 13902 --- [main] o.f.c.i.s.JdbcTableSchemaHistory         : Schema history table "PUBLIC"."flyway_schema_history" does not exist yet
2024-06-08T09:42:37.247+03:00  INFO 13902 --- [main] o.f.core.internal.command.DbValidate     : Successfully validated 2 migrations (execution time 00:00.022s)
2024-06-08T09:42:37.254+03:00  INFO 13902 --- [main] o.f.c.i.s.JdbcTableSchemaHistory         : Creating Schema History table "PUBLIC"."flyway_schema_history" ...
2024-06-08T09:42:37.287+03:00  INFO 13902 --- [main] o.f.core.internal.command.DbMigrate      : Current version of schema "PUBLIC": << Empty Schema >>
2024-06-08T09:42:37.293+03:00  INFO 13902 --- [main] o.f.core.internal.command.DbMigrate      : Migrating schema "PUBLIC" to version "1 - Create"
2024-06-08T09:42:37.306+03:00  INFO 13902 --- [main] o.f.core.internal.command.DbMigrate      : Migrating schema "PUBLIC" to version "2 - Insertion"
2024-06-08T09:42:37.312+03:00  INFO 13902 --- [main] o.f.core.internal.command.DbMigrate      : Successfully applied 2 migrations to schema "PUBLIC", now at version v2 (execution time 00:00.003s)
2024-06-08T09:42:37.314+03:00  INFO 13902 --- [main] com.zaxxer.hikari.HikariDataSource       : HikariPool-3 - Starting...
2024-06-08T09:42:37.317+03:00  INFO 13902 --- [main] com.zaxxer.hikari.pool.HikariPool        : HikariPool-3 - Added connection conn20: url=jdbc:h2:mem:compar2 user=DEMO
2024-06-08T09:42:37.317+03:00  INFO 13902 --- [main] com.zaxxer.hikari.HikariDataSource       : HikariPool-3 - Start completed.
2024-06-08T09:42:37.324+03:00  INFO 13902 --- [main] org.flywaydb.core.FlywayExecutor         : Database: jdbc:h2:mem:compar2 (H2 2.2)
2024-06-08T09:42:37.328+03:00  INFO 13902 --- [main] o.f.c.i.s.JdbcTableSchemaHistory         : Schema history table "PUBLIC"."flyway_schema_history" does not exist yet
2024-06-08T09:42:37.329+03:00  INFO 13902 --- [main] o.f.core.internal.command.DbValidate     : Successfully validated 2 migrations (execution time 00:00.001s)
2024-06-08T09:42:37.330+03:00  INFO 13902 --- [main] o.f.c.i.s.JdbcTableSchemaHistory         : Creating Schema History table "PUBLIC"."flyway_schema_history" ...
2024-06-08T09:42:37.338+03:00  INFO 13902 --- [main] o.f.core.internal.command.DbMigrate      : Current version of schema "PUBLIC": << Empty Schema >>
2024-06-08T09:42:37.341+03:00  INFO 13902 --- [main] o.f.core.internal.command.DbMigrate      : Migrating schema "PUBLIC" to version "1 - Create"
2024-06-08T09:42:37.348+03:00  INFO 13902 --- [main] o.f.core.internal.command.DbMigrate      : Migrating schema "PUBLIC" to version "2 - InsertionOne"
2024-06-08T09:42:37.352+03:00  INFO 13902 --- [main] o.f.core.internal.command.DbMigrate      : Successfully applied 2 migrations to schema "PUBLIC", now at version v2 (execution time 00:00.002s)
2024-06-08T09:42:37.353+03:00  INFO 13902 --- [main] com.zaxxer.hikari.HikariDataSource       : HikariPool-4 - Starting...
2024-06-08T09:42:37.356+03:00  INFO 13902 --- [main] com.zaxxer.hikari.pool.HikariPool        : HikariPool-4 - Added connection conn23: url=jdbc:h2:mem:compar3 user=DEMO
2024-06-08T09:42:37.356+03:00  INFO 13902 --- [main] com.zaxxer.hikari.HikariDataSource       : HikariPool-4 - Start completed.
2024-06-08T09:42:37.362+03:00  INFO 13902 --- [main] org.flywaydb.core.FlywayExecutor         : Database: jdbc:h2:mem:compar3 (H2 2.2)
2024-06-08T09:42:37.366+03:00  INFO 13902 --- [main] o.f.c.i.s.JdbcTableSchemaHistory         : Schema history table "PUBLIC"."flyway_schema_history" does not exist yet
2024-06-08T09:42:37.366+03:00  INFO 13902 --- [main] o.f.core.internal.command.DbValidate     : Successfully validated 2 migrations (execution time 00:00.001s)
2024-06-08T09:42:37.368+03:00  INFO 13902 --- [main] o.f.c.i.s.JdbcTableSchemaHistory         : Creating Schema History table "PUBLIC"."flyway_schema_history" ...
2024-06-08T09:42:37.375+03:00  INFO 13902 --- [main] o.f.core.internal.command.DbMigrate      : Current version of schema "PUBLIC": << Empty Schema >>
2024-06-08T09:42:37.377+03:00  INFO 13902 --- [main] o.f.core.internal.command.DbMigrate      : Migrating schema "PUBLIC" to version "1 - Create"
2024-06-08T09:42:37.383+03:00  INFO 13902 --- [main] o.f.core.internal.command.DbMigrate      : Migrating schema "PUBLIC" to version "2 - Insert"
2024-06-08T09:42:37.387+03:00  INFO 13902 --- [main] o.f.core.internal.command.DbMigrate      : Successfully applied 2 migrations to schema "PUBLIC", now at version v2 (execution time 00:00.002s)
2024-06-08T09:42:37.869+03:00  WARN 13902 --- [main] JpaBaseConfiguration$JpaWebConfiguration : spring.jpa.open-in-view is enabled by default. Therefore, database queries may be performed during view rendering. Explicitly configure spring.jpa.open-in-view to disable this warning
2024-06-08T09:42:39.294+03:00  INFO 13902 --- [main] o.s.b.a.e.web.EndpointLinksResolver      : Exposing 1 endpoint(s) beneath base path '/actuator'
2024-06-08T09:42:39.406+03:00  INFO 13902 --- [main] com.dmadev.ComparSrcApplicationTests     : Started ComparSrcApplicationTests in 5.84 seconds (process running for 7.044)
2024-06-08T09:42:40.065+03:00  INFO 13902 --- [SpringApplicationShutdownHook] j.LocalContainerEntityManagerFactoryBean : Closing JPA EntityManagerFactory for persistence unit 'default'
2024-06-08T09:42:40.070+03:00  INFO 13902 --- [SpringApplicationShutdownHook] com.zaxxer.hikari.HikariDataSource       : HikariPool-1 - Shutdown initiated...
2024-06-08T09:42:40.075+03:00  INFO 13902 --- [SpringApplicationShutdownHook] com.zaxxer.hikari.HikariDataSource       : HikariPool-1 - Shutdown completed.
2024-06-08T09:52:32.345+03:00  INFO 14763 --- [main] c.dmadev.controller.UserControllerTest   : Starting UserControllerTest using Java 17.0.8 with PID 14763 (started by dmaberlin in /home/dmaberlin/java/other/demo/compar-demo/compar-src)
2024-06-08T09:52:32.347+03:00  INFO 14763 --- [main] c.dmadev.controller.UserControllerTest   : No active profile set, falling back to 1 default profile: "default"
2024-06-08T09:52:33.535+03:00  INFO 14763 --- [main] .s.d.r.c.RepositoryConfigurationDelegate : Bootstrapping Spring Data JPA repositories in DEFAULT mode.
2024-06-08T09:52:33.567+03:00  INFO 14763 --- [main] .s.d.r.c.RepositoryConfigurationDelegate : Finished Spring Data repository scanning in 22 ms. Found 0 JPA repository interfaces.
2024-06-08T09:52:34.375+03:00  INFO 14763 --- [main] o.s.b.w.embedded.tomcat.TomcatWebServer  : Tomcat initialized with port 0 (http)
2024-06-08T09:52:34.387+03:00  INFO 14763 --- [main] o.apache.catalina.core.StandardService   : Starting service [Tomcat]
2024-06-08T09:52:34.387+03:00  INFO 14763 --- [main] o.apache.catalina.core.StandardEngine    : Starting Servlet engine: [Apache Tomcat/10.1.19]
2024-06-08T09:52:34.456+03:00  INFO 14763 --- [main] o.a.c.c.C.[Tomcat].[localhost].[/]       : Initializing Spring embedded WebApplicationContext
2024-06-08T09:52:34.456+03:00  INFO 14763 --- [main] w.s.c.ServletWebServerApplicationContext : Root WebApplicationContext: initialization completed in 2081 ms
2024-06-08T09:52:34.813+03:00  INFO 14763 --- [main] com.zaxxer.hikari.HikariDataSource       : HikariPool-1 - Starting...
2024-06-08T09:52:35.004+03:00  INFO 14763 --- [main] com.zaxxer.hikari.pool.HikariPool        : HikariPool-1 - Added connection conn0: url=jdbc:h2:mem:c1e74b2b-1820-416c-a3cb-b01b3455a7be user=SA
2024-06-08T09:52:35.006+03:00  INFO 14763 --- [main] com.zaxxer.hikari.HikariDataSource       : HikariPool-1 - Start completed.
2024-06-08T09:52:35.063+03:00  INFO 14763 --- [main] o.hibernate.jpa.internal.util.LogHelper  : HHH000204: Processing PersistenceUnitInfo [name: default]
2024-06-08T09:52:35.114+03:00  INFO 14763 --- [main] org.hibernate.Version                    : HHH000412: Hibernate ORM core version 6.4.4.Final
2024-06-08T09:52:35.147+03:00  INFO 14763 --- [main] o.h.c.internal.RegionFactoryInitiator    : HHH000026: Second-level cache disabled
2024-06-08T09:52:35.357+03:00  INFO 14763 --- [main] o.s.o.j.p.SpringPersistenceUnitInfo      : No LoadTimeWeaver setup: ignoring JPA class transformer
2024-06-08T09:52:35.710+03:00  INFO 14763 --- [main] o.h.e.t.j.p.i.JtaPlatformInitiator       : HHH000489: No JTA platform available (set 'hibernate.transaction.jta.platform' to enable JTA platform integration)
2024-06-08T09:52:35.717+03:00  INFO 14763 --- [main] j.LocalContainerEntityManagerFactoryBean : Initialized JPA EntityManagerFactory for persistence unit 'default'
2024-06-08T09:52:35.786+03:00  INFO 14763 --- [main] com.zaxxer.hikari.HikariDataSource       : HikariPool-2 - Starting...
2024-06-08T09:52:35.789+03:00  INFO 14763 --- [main] com.zaxxer.hikari.pool.HikariPool        : HikariPool-2 - Added connection conn10: url=jdbc:h2:mem:compar user=DEMO
2024-06-08T09:52:35.790+03:00  INFO 14763 --- [main] com.zaxxer.hikari.HikariDataSource       : HikariPool-2 - Start completed.
2024-06-08T09:52:35.848+03:00  INFO 14763 --- [main] o.f.c.internal.license.VersionPrinter    : Flyway Community Edition 9.22.3 by Redgate
2024-06-08T09:52:35.848+03:00  INFO 14763 --- [main] o.f.c.internal.license.VersionPrinter    : See release notes here: https://rd.gt/416ObMi
2024-06-08T09:52:35.848+03:00  INFO 14763 --- [main] o.f.c.internal.license.VersionPrinter    : 
2024-06-08T09:52:35.904+03:00  INFO 14763 --- [main] org.flywaydb.core.FlywayExecutor         : Database: jdbc:h2:mem:compar (H2 2.2)
2024-06-08T09:52:35.935+03:00  INFO 14763 --- [main] o.f.c.i.s.JdbcTableSchemaHistory         : Schema history table "PUBLIC"."flyway_schema_history" does not exist yet
2024-06-08T09:52:35.939+03:00  INFO 14763 --- [main] o.f.core.internal.command.DbValidate     : Successfully validated 2 migrations (execution time 00:00.015s)
2024-06-08T09:52:35.947+03:00  INFO 14763 --- [main] o.f.c.i.s.JdbcTableSchemaHistory         : Creating Schema History table "PUBLIC"."flyway_schema_history" ...
2024-06-08T09:52:35.980+03:00  INFO 14763 --- [main] o.f.core.internal.command.DbMigrate      : Current version of schema "PUBLIC": << Empty Schema >>
2024-06-08T09:52:35.984+03:00  INFO 14763 --- [main] o.f.core.internal.command.DbMigrate      : Migrating schema "PUBLIC" to version "1 - Create"
2024-06-08T09:52:35.996+03:00  INFO 14763 --- [main] o.f.core.internal.command.DbMigrate      : Migrating schema "PUBLIC" to version "2 - Insertion"
2024-06-08T09:52:36.003+03:00  INFO 14763 --- [main] o.f.core.internal.command.DbMigrate      : Successfully applied 2 migrations to schema "PUBLIC", now at version v2 (execution time 00:00.003s)
2024-06-08T09:52:36.005+03:00  INFO 14763 --- [main] com.zaxxer.hikari.HikariDataSource       : HikariPool-3 - Starting...
2024-06-08T09:52:36.007+03:00  INFO 14763 --- [main] com.zaxxer.hikari.pool.HikariPool        : HikariPool-3 - Added connection conn20: url=jdbc:h2:mem:compar2 user=DEMO
2024-06-08T09:52:36.008+03:00  INFO 14763 --- [main] com.zaxxer.hikari.HikariDataSource       : HikariPool-3 - Start completed.
2024-06-08T09:52:36.014+03:00  INFO 14763 --- [main] org.flywaydb.core.FlywayExecutor         : Database: jdbc:h2:mem:compar2 (H2 2.2)
2024-06-08T09:52:36.018+03:00  INFO 14763 --- [main] o.f.c.i.s.JdbcTableSchemaHistory         : Schema history table "PUBLIC"."flyway_schema_history" does not exist yet
2024-06-08T09:52:36.019+03:00  INFO 14763 --- [main] o.f.core.internal.command.DbValidate     : Successfully validated 2 migrations (execution time 00:00.001s)
2024-06-08T09:52:36.020+03:00  INFO 14763 --- [main] o.f.c.i.s.JdbcTableSchemaHistory         : Creating Schema History table "PUBLIC"."flyway_schema_history" ...
2024-06-08T09:52:36.029+03:00  INFO 14763 --- [main] o.f.core.internal.command.DbMigrate      : Current version of schema "PUBLIC": << Empty Schema >>
2024-06-08T09:52:36.031+03:00  INFO 14763 --- [main] o.f.core.internal.command.DbMigrate      : Migrating schema "PUBLIC" to version "1 - Create"
2024-06-08T09:52:36.037+03:00  INFO 14763 --- [main] o.f.core.internal.command.DbMigrate      : Migrating schema "PUBLIC" to version "2 - InsertionOne"
2024-06-08T09:52:36.041+03:00  INFO 14763 --- [main] o.f.core.internal.command.DbMigrate      : Successfully applied 2 migrations to schema "PUBLIC", now at version v2 (execution time 00:00.002s)
2024-06-08T09:52:36.041+03:00  INFO 14763 --- [main] com.zaxxer.hikari.HikariDataSource       : HikariPool-4 - Starting...
2024-06-08T09:52:36.044+03:00  INFO 14763 --- [main] com.zaxxer.hikari.pool.HikariPool        : HikariPool-4 - Added connection conn23: url=jdbc:h2:mem:compar3 user=DEMO
2024-06-08T09:52:36.044+03:00  INFO 14763 --- [main] com.zaxxer.hikari.HikariDataSource       : HikariPool-4 - Start completed.
2024-06-08T09:52:36.050+03:00  INFO 14763 --- [main] org.flywaydb.core.FlywayExecutor         : Database: jdbc:h2:mem:compar3 (H2 2.2)
2024-06-08T09:52:36.053+03:00  INFO 14763 --- [main] o.f.c.i.s.JdbcTableSchemaHistory         : Schema history table "PUBLIC"."flyway_schema_history" does not exist yet
2024-06-08T09:52:36.054+03:00  INFO 14763 --- [main] o.f.core.internal.command.DbValidate     : Successfully validated 2 migrations (execution time 00:00.001s)
2024-06-08T09:52:36.056+03:00  INFO 14763 --- [main] o.f.c.i.s.JdbcTableSchemaHistory         : Creating Schema History table "PUBLIC"."flyway_schema_history" ...
2024-06-08T09:52:36.063+03:00  INFO 14763 --- [main] o.f.core.internal.command.DbMigrate      : Current version of schema "PUBLIC": << Empty Schema >>
2024-06-08T09:52:36.065+03:00  INFO 14763 --- [main] o.f.core.internal.command.DbMigrate      : Migrating schema "PUBLIC" to version "1 - Create"
2024-06-08T09:52:36.074+03:00  INFO 14763 --- [main] o.f.core.internal.command.DbMigrate      : Migrating schema "PUBLIC" to version "2 - Insert"
2024-06-08T09:52:36.078+03:00  INFO 14763 --- [main] o.f.core.internal.command.DbMigrate      : Successfully applied 2 migrations to schema "PUBLIC", now at version v2 (execution time 00:00.002s)
2024-06-08T09:52:36.288+03:00  WARN 14763 --- [main] JpaBaseConfiguration$JpaWebConfiguration : spring.jpa.open-in-view is enabled by default. Therefore, database queries may be performed during view rendering. Explicitly configure spring.jpa.open-in-view to disable this warning
2024-06-08T09:52:37.412+03:00  INFO 14763 --- [main] o.s.b.a.e.web.EndpointLinksResolver      : Exposing 1 endpoint(s) beneath base path '/actuator'
2024-06-08T09:52:37.545+03:00  INFO 14763 --- [main] o.s.b.w.embedded.tomcat.TomcatWebServer  : Tomcat started on port 35847 (http) with context path ''
2024-06-08T09:52:37.565+03:00  INFO 14763 --- [main] c.dmadev.controller.UserControllerTest   : Started UserControllerTest in 5.61 seconds (process running for 6.909)
2024-06-08T09:52:38.402+03:00  INFO 14763 --- [http-nio-auto-1-exec-1] o.a.c.c.C.[Tomcat].[localhost].[/]       : Initializing Spring DispatcherServlet 'dispatcherServlet'
2024-06-08T09:52:38.403+03:00  INFO 14763 --- [http-nio-auto-1-exec-1] o.s.web.servlet.DispatcherServlet        : Initializing Servlet 'dispatcherServlet'
2024-06-08T09:52:38.405+03:00  INFO 14763 --- [http-nio-auto-1-exec-1] o.s.web.servlet.DispatcherServlet        : Completed initialization in 1 ms
2024-06-08T09:52:38.478+03:00  INFO 14763 --- [http-nio-auto-1-exec-1] com.zaxxer.hikari.HikariDataSource       : HikariPool-5 - Starting...
2024-06-08T09:52:38.479+03:00  INFO 14763 --- [http-nio-auto-1-exec-1] com.zaxxer.hikari.pool.HikariPool        : HikariPool-5 - Added connection conn40: url=jdbc:h2:mem:compar user=DEMO
2024-06-08T09:52:38.479+03:00  INFO 14763 --- [http-nio-auto-1-exec-1] com.zaxxer.hikari.HikariDataSource       : HikariPool-5 - Start completed.
2024-06-08T09:52:38.484+03:00  INFO 14763 --- [http-nio-auto-1-exec-1] com.zaxxer.hikari.HikariDataSource       : HikariPool-6 - Starting...
2024-06-08T09:52:38.485+03:00  INFO 14763 --- [http-nio-auto-1-exec-1] com.zaxxer.hikari.pool.HikariPool        : HikariPool-6 - Added connection conn41: url=jdbc:h2:mem:compar2 user=DEMO
2024-06-08T09:52:38.486+03:00  INFO 14763 --- [http-nio-auto-1-exec-1] com.zaxxer.hikari.HikariDataSource       : HikariPool-6 - Start completed.
2024-06-08T09:52:38.487+03:00  INFO 14763 --- [http-nio-auto-1-exec-1] com.zaxxer.hikari.HikariDataSource       : HikariPool-7 - Starting...
2024-06-08T09:52:38.488+03:00  INFO 14763 --- [http-nio-auto-1-exec-1] com.zaxxer.hikari.pool.HikariPool        : HikariPool-7 - Added connection conn42: url=jdbc:h2:mem:compar3 user=DEMO
2024-06-08T09:52:38.488+03:00  INFO 14763 --- [http-nio-auto-1-exec-1] com.zaxxer.hikari.HikariDataSource       : HikariPool-7 - Start completed.
2024-06-08T09:52:38.597+03:00  INFO 14763 --- [http-nio-auto-1-exec-2] com.zaxxer.hikari.HikariDataSource       : HikariPool-8 - Starting...
2024-06-08T09:52:38.598+03:00  INFO 14763 --- [http-nio-auto-1-exec-2] com.zaxxer.hikari.pool.HikariPool        : HikariPool-8 - Added connection conn47: url=jdbc:h2:mem:compar user=DEMO
2024-06-08T09:52:38.599+03:00  INFO 14763 --- [http-nio-auto-1-exec-2] com.zaxxer.hikari.HikariDataSource       : HikariPool-8 - Start completed.
2024-06-08T09:52:38.600+03:00  INFO 14763 --- [http-nio-auto-1-exec-2] com.zaxxer.hikari.HikariDataSource       : HikariPool-9 - Starting...
2024-06-08T09:52:38.601+03:00  INFO 14763 --- [http-nio-auto-1-exec-2] com.zaxxer.hikari.pool.HikariPool        : HikariPool-9 - Added connection conn50: url=jdbc:h2:mem:compar2 user=DEMO
2024-06-08T09:52:38.602+03:00  INFO 14763 --- [http-nio-auto-1-exec-2] com.zaxxer.hikari.HikariDataSource       : HikariPool-9 - Start completed.
2024-06-08T09:52:38.603+03:00  INFO 14763 --- [http-nio-auto-1-exec-2] com.zaxxer.hikari.HikariDataSource       : HikariPool-10 - Starting...
2024-06-08T09:52:38.605+03:00  INFO 14763 --- [http-nio-auto-1-exec-2] com.zaxxer.hikari.pool.HikariPool        : HikariPool-10 - Added connection conn51: url=jdbc:h2:mem:compar3 user=DEMO
2024-06-08T09:52:38.605+03:00  INFO 14763 --- [http-nio-auto-1-exec-2] com.zaxxer.hikari.HikariDataSource       : HikariPool-10 - Start completed.
2024-06-08T09:52:38.659+03:00  INFO 14763 --- [http-nio-auto-1-exec-3] com.zaxxer.hikari.HikariDataSource       : HikariPool-11 - Starting...
2024-06-08T09:52:38.660+03:00  INFO 14763 --- [http-nio-auto-1-exec-3] com.zaxxer.hikari.pool.HikariPool        : HikariPool-11 - Added connection conn67: url=jdbc:h2:mem:compar user=DEMO
2024-06-08T09:52:38.660+03:00  INFO 14763 --- [http-nio-auto-1-exec-3] com.zaxxer.hikari.HikariDataSource       : HikariPool-11 - Start completed.
2024-06-08T09:52:38.661+03:00  INFO 14763 --- [http-nio-auto-1-exec-3] com.zaxxer.hikari.HikariDataSource       : HikariPool-12 - Starting...
2024-06-08T09:52:38.662+03:00  INFO 14763 --- [http-nio-auto-1-exec-3] com.zaxxer.hikari.pool.HikariPool        : HikariPool-12 - Added connection conn68: url=jdbc:h2:mem:compar2 user=DEMO
2024-06-08T09:52:38.663+03:00  INFO 14763 --- [http-nio-auto-1-exec-3] com.zaxxer.hikari.HikariDataSource       : HikariPool-12 - Start completed.
2024-06-08T09:52:38.664+03:00  INFO 14763 --- [http-nio-auto-1-exec-3] com.zaxxer.hikari.HikariDataSource       : HikariPool-13 - Starting...
2024-06-08T09:52:38.665+03:00  INFO 14763 --- [http-nio-auto-1-exec-3] com.zaxxer.hikari.pool.HikariPool        : HikariPool-13 - Added connection conn69: url=jdbc:h2:mem:compar3 user=DEMO
2024-06-08T09:52:38.665+03:00  INFO 14763 --- [http-nio-auto-1-exec-3] com.zaxxer.hikari.HikariDataSource       : HikariPool-13 - Start completed.
2024-06-08T09:52:38.680+03:00  INFO 14763 --- [http-nio-auto-1-exec-4] com.zaxxer.hikari.HikariDataSource       : HikariPool-14 - Starting...
2024-06-08T09:52:38.681+03:00  INFO 14763 --- [http-nio-auto-1-exec-4] com.zaxxer.hikari.pool.HikariPool        : HikariPool-14 - Added connection conn76: url=jdbc:h2:mem:compar user=DEMO
2024-06-08T09:52:38.681+03:00  INFO 14763 --- [http-nio-auto-1-exec-4] com.zaxxer.hikari.HikariDataSource       : HikariPool-14 - Start completed.
2024-06-08T09:52:38.683+03:00  INFO 14763 --- [http-nio-auto-1-exec-4] com.zaxxer.hikari.HikariDataSource       : HikariPool-15 - Starting...
2024-06-08T09:52:38.684+03:00  INFO 14763 --- [http-nio-auto-1-exec-4] com.zaxxer.hikari.pool.HikariPool        : HikariPool-15 - Added connection conn77: url=jdbc:h2:mem:compar2 user=DEMO
2024-06-08T09:52:38.684+03:00  INFO 14763 --- [http-nio-auto-1-exec-4] com.zaxxer.hikari.HikariDataSource       : HikariPool-15 - Start completed.
2024-06-08T09:52:38.686+03:00  INFO 14763 --- [http-nio-auto-1-exec-4] com.zaxxer.hikari.HikariDataSource       : HikariPool-16 - Starting...
2024-06-08T09:52:38.687+03:00  INFO 14763 --- [http-nio-auto-1-exec-4] com.zaxxer.hikari.pool.HikariPool        : HikariPool-16 - Added connection conn78: url=jdbc:h2:mem:compar3 user=DEMO
2024-06-08T09:52:38.689+03:00  INFO 14763 --- [http-nio-auto-1-exec-4] com.zaxxer.hikari.HikariDataSource       : HikariPool-16 - Start completed.
2024-06-08T09:52:38.715+03:00  INFO 14763 --- [http-nio-auto-1-exec-5] com.zaxxer.hikari.HikariDataSource       : HikariPool-17 - Starting...
2024-06-08T09:52:38.717+03:00  INFO 14763 --- [http-nio-auto-1-exec-5] com.zaxxer.hikari.pool.HikariPool        : HikariPool-17 - Added connection conn83: url=jdbc:h2:mem:compar user=DEMO
2024-06-08T09:52:38.718+03:00  INFO 14763 --- [http-nio-auto-1-exec-5] com.zaxxer.hikari.HikariDataSource       : HikariPool-17 - Start completed.
2024-06-08T09:52:38.719+03:00  INFO 14763 --- [http-nio-auto-1-exec-5] com.zaxxer.hikari.HikariDataSource       : HikariPool-18 - Starting...
2024-06-08T09:52:38.720+03:00  INFO 14763 --- [http-nio-auto-1-exec-5] com.zaxxer.hikari.pool.HikariPool        : HikariPool-18 - Added connection conn86: url=jdbc:h2:mem:compar2 user=DEMO
2024-06-08T09:52:38.720+03:00  INFO 14763 --- [http-nio-auto-1-exec-5] com.zaxxer.hikari.HikariDataSource       : HikariPool-18 - Start completed.
2024-06-08T09:52:38.721+03:00  INFO 14763 --- [http-nio-auto-1-exec-5] com.zaxxer.hikari.HikariDataSource       : HikariPool-19 - Starting...
2024-06-08T09:52:38.722+03:00  INFO 14763 --- [http-nio-auto-1-exec-5] com.zaxxer.hikari.pool.HikariPool        : HikariPool-19 - Added connection conn88: url=jdbc:h2:mem:compar3 user=DEMO
2024-06-08T09:52:38.723+03:00  INFO 14763 --- [http-nio-auto-1-exec-5] com.zaxxer.hikari.HikariDataSource       : HikariPool-19 - Start completed.
2024-06-08T09:52:38.741+03:00  INFO 14763 --- [http-nio-auto-1-exec-6] com.zaxxer.hikari.HikariDataSource       : HikariPool-20 - Starting...
2024-06-08T09:52:38.743+03:00  INFO 14763 --- [http-nio-auto-1-exec-6] com.zaxxer.hikari.pool.HikariPool        : HikariPool-20 - Added connection conn94: url=jdbc:h2:mem:compar user=DEMO
2024-06-08T09:52:38.744+03:00  INFO 14763 --- [http-nio-auto-1-exec-6] com.zaxxer.hikari.HikariDataSource       : HikariPool-20 - Start completed.
2024-06-08T09:52:38.745+03:00  INFO 14763 --- [http-nio-auto-1-exec-6] com.zaxxer.hikari.HikariDataSource       : HikariPool-21 - Starting...
2024-06-08T09:52:38.746+03:00  INFO 14763 --- [http-nio-auto-1-exec-6] com.zaxxer.hikari.pool.HikariPool        : HikariPool-21 - Added connection conn96: url=jdbc:h2:mem:compar2 user=DEMO
2024-06-08T09:52:38.746+03:00  INFO 14763 --- [http-nio-auto-1-exec-6] com.zaxxer.hikari.HikariDataSource       : HikariPool-21 - Start completed.
2024-06-08T09:52:38.747+03:00  INFO 14763 --- [http-nio-auto-1-exec-6] com.zaxxer.hikari.HikariDataSource       : HikariPool-22 - Starting...
2024-06-08T09:52:38.748+03:00  INFO 14763 --- [http-nio-auto-1-exec-6] com.zaxxer.hikari.pool.HikariPool        : HikariPool-22 - Added connection conn97: url=jdbc:h2:mem:compar3 user=DEMO
2024-06-08T09:52:38.749+03:00  INFO 14763 --- [http-nio-auto-1-exec-6] com.zaxxer.hikari.HikariDataSource       : HikariPool-22 - Start completed.
2024-06-08T09:52:38.773+03:00  INFO 14763 --- [http-nio-auto-1-exec-7] com.zaxxer.hikari.HikariDataSource       : HikariPool-23 - Starting...
2024-06-08T09:52:38.775+03:00  INFO 14763 --- [http-nio-auto-1-exec-7] com.zaxxer.hikari.pool.HikariPool        : HikariPool-23 - Added connection conn109: url=jdbc:h2:mem:compar user=DEMO
2024-06-08T09:52:38.775+03:00  INFO 14763 --- [http-nio-auto-1-exec-7] com.zaxxer.hikari.HikariDataSource       : HikariPool-23 - Start completed.
2024-06-08T09:52:38.776+03:00  INFO 14763 --- [http-nio-auto-1-exec-7] com.zaxxer.hikari.HikariDataSource       : HikariPool-24 - Starting...
2024-06-08T09:52:38.777+03:00  INFO 14763 --- [http-nio-auto-1-exec-7] com.zaxxer.hikari.pool.HikariPool        : HikariPool-24 - Added connection conn111: url=jdbc:h2:mem:compar2 user=DEMO
2024-06-08T09:52:38.777+03:00  INFO 14763 --- [http-nio-auto-1-exec-7] com.zaxxer.hikari.HikariDataSource       : HikariPool-24 - Start completed.
2024-06-08T09:52:38.778+03:00  INFO 14763 --- [http-nio-auto-1-exec-7] com.zaxxer.hikari.HikariDataSource       : HikariPool-25 - Starting...
2024-06-08T09:52:38.779+03:00  INFO 14763 --- [http-nio-auto-1-exec-7] com.zaxxer.hikari.pool.HikariPool        : HikariPool-25 - Added connection conn115: url=jdbc:h2:mem:compar3 user=DEMO
2024-06-08T09:52:38.779+03:00  INFO 14763 --- [http-nio-auto-1-exec-7] com.zaxxer.hikari.HikariDataSource       : HikariPool-25 - Start completed.
2024-06-08T09:52:38.801+03:00  WARN 14763 --- [http-nio-auto-1-exec-8] .w.s.m.s.DefaultHandlerExceptionResolver : Resolved [org.springframework.web.method.annotation.MethodArgumentTypeMismatchException: Failed to convert value of type 'java.lang.String' to required type 'java.lang.Long'; For input string: "invalid_id"]
2024-06-08T09:52:38.848+03:00  INFO 14763 --- [SpringApplicationShutdownHook] j.LocalContainerEntityManagerFactoryBean : Closing JPA EntityManagerFactory for persistence unit 'default'
2024-06-08T09:52:38.853+03:00  INFO 14763 --- [SpringApplicationShutdownHook] com.zaxxer.hikari.HikariDataSource       : HikariPool-1 - Shutdown initiated...
2024-06-08T09:52:38.857+03:00  INFO 14763 --- [SpringApplicationShutdownHook] com.zaxxer.hikari.HikariDataSource       : HikariPool-1 - Shutdown completed.
